{
  "RSpec": {
    "coverage": {
      "/home/charles/devel/ap11/webapp/ap11/app/models/user.rb": [
        1,
        null,
        1,
        null,
        1,
        null,
        1,
        null,
        null,
        1,
        null,
        1,
        1,
        1,
        1,
        null,
        1,
        1,
        1,
        null,
        1,
        1,
        null,
        null,
        1,
        null,
        1,
        1,
        1,
        1,
        null,
        null,
        null,
        1,
        0,
        null,
        null,
        null,
        1,
        0,
        null,
        null,
        null,
        1,
        0,
        0,
        0,
        null,
        0,
        0,
        null,
        null,
        null,
        null,
        null,
        null,
        null,
        1,
        8,
        null,
        8,
        6,
        null,
        2,
        2,
        2,
        null,
        null,
        8,
        8,
        null,
        null,
        null,
        1,
        0,
        0,
        0,
        0,
        0,
        null,
        0,
        null,
        null,
        null,
        1,
        3,
        null,
        null,
        1,
        3,
        null,
        null,
        1,
        0,
        null,
        null,
        1,
        0,
        null,
        null,
        1,
        0,
        0,
        null,
        null,
        1,
        0,
        0,
        null,
        null,
        1,
        1,
        1,
        null,
        null,
        1,
        null,
        null,
        1,
        1,
        1,
        null,
        null,
        1,
        null,
        null,
        1,
        0,
        null,
        null,
        1,
        3,
        null,
        null,
        1,
        3,
        null,
        null,
        1,
        0,
        null,
        null,
        1,
        null,
        1,
        101,
        null,
        null,
        null
      ],
      "/home/charles/devel/ap11/webapp/ap11/lib/password_format_validator.rb": [
        1,
        1,
        101,
        10,
        null,
        null,
        null
      ],
      "/home/charles/devel/ap11/webapp/ap11/app/models/role.rb": [
        1,
        1,
        null,
        1,
        null,
        1,
        1,
        null,
        1,
        null,
        1,
        1,
        null,
        1,
        4,
        3,
        1,
        null,
        null,
        3,
        null,
        null,
        1,
        0,
        null,
        null,
        null
      ],
      "/home/charles/devel/ap11/webapp/ap11/app/controllers/application_controller.rb": [
        1,
        1,
        null,
        1,
        0,
        0,
        null,
        null,
        null,
        null
      ],
      "/home/charles/devel/ap11/webapp/ap11/app/helpers/application_helper.rb": [
        1,
        1,
        0,
        null,
        null,
        null,
        1,
        0,
        null,
        null,
        1,
        0,
        null,
        null,
        null,
        1,
        0,
        0,
        null,
        null,
        1,
        0,
        null,
        null,
        1,
        1,
        0,
        0,
        0,
        0,
        0,
        0,
        0,
        0,
        0,
        0,
        0,
        0,
        null,
        null,
        null,
        null
      ],
      "/home/charles/devel/ap11/webapp/ap11/app/helpers/collections_helper.rb": [
        1,
        null
      ],
      "/home/charles/devel/ap11/webapp/ap11/app/helpers/experiments_helper.rb": [
        1,
        null
      ],
      "/home/charles/devel/ap11/webapp/ap11/app/controllers/collections_controller.rb": [
        1,
        null,
        null,
        1,
        1,
        null,
        1,
        1,
        1,
        null,
        null,
        null,
        null,
        null,
        1,
        1,
        null,
        1,
        1,
        1,
        null,
        null,
        null,
        null,
        null,
        1,
        1,
        null,
        1,
        1,
        1,
        null,
        null,
        null,
        null,
        1,
        1,
        null,
        null,
        null,
        null,
        1,
        5,
        null,
        5,
        5,
        6,
        3,
        null,
        4,
        2,
        null,
        null,
        null,
        null,
        null,
        null,
        1,
        5,
        null,
        5,
        5,
        4,
        2,
        null,
        6,
        3,
        null,
        null,
        null,
        null,
        null,
        null,
        1,
        2,
        2,
        null,
        2,
        4,
        2,
        null,
        null,
        null
      ],
      "/home/charles/devel/ap11/webapp/ap11/app/models/collection.rb": [
        1,
        1,
        null,
        1,
        null
      ],
      "/home/charles/devel/ap11/webapp/ap11/app/controllers/experiments_controller.rb": [
        1,
        null,
        1,
        null,
        null,
        null,
        1,
        1,
        null,
        1,
        1,
        1,
        null,
        null,
        null,
        null,
        null,
        1,
        1,
        null,
        1,
        1,
        1,
        null,
        null,
        null,
        null,
        null,
        1,
        1,
        null,
        1,
        1,
        1,
        null,
        null,
        null,
        null,
        1,
        1,
        null,
        null,
        null,
        null,
        1,
        5,
        null,
        5,
        5,
        6,
        3,
        null,
        4,
        2,
        null,
        null,
        null,
        null,
        null,
        null,
        1,
        5,
        null,
        5,
        5,
        4,
        2,
        null,
        6,
        3,
        null,
        null,
        null,
        null,
        null,
        null,
        1,
        2,
        2,
        null,
        2,
        4,
        2,
        null,
        null,
        null,
        1,
        null,
        1,
        12,
        null,
        null
      ],
      "/home/charles/devel/ap11/webapp/ap11/app/models/experiment.rb": [
        1,
        1,
        null,
        1,
        null,
        1,
        null,
        1,
        1,
        null
      ],
      "/home/charles/devel/ap11/webapp/ap11/app/controllers/pages_controller.rb": [
        1,
        1,
        null,
        null
      ],
      "/home/charles/devel/ap11/webapp/ap11/app/controllers/user_passwords_controller.rb": [
        1,
        null,
        null,
        1,
        null,
        0,
        null,
        null,
        0,
        0,
        null,
        0,
        0,
        null,
        null,
        null,
        null
      ],
      "/home/charles/devel/ap11/webapp/ap11/app/controllers/user_registers_controller.rb": [
        1,
        null,
        null,
        1,
        null,
        1,
        null,
        null,
        null,
        null,
        1,
        0,
        null,
        0,
        0,
        0,
        0,
        0,
        0,
        null,
        0,
        0,
        0,
        null,
        null,
        0,
        0,
        null,
        null,
        null,
        null,
        1,
        0,
        null,
        0,
        0,
        0,
        0,
        null,
        0,
        null,
        0,
        0,
        null,
        0,
        0,
        null,
        null,
        null,
        1,
        0,
        null,
        null,
        null,
        1,
        0,
        0,
        0,
        0,
        null,
        0,
        0,
        null,
        null,
        null,
        null
      ],
      "/home/charles/devel/ap11/webapp/ap11/app/controllers/users_controller.rb": [
        1,
        null,
        1,
        1,
        null,
        1,
        0,
        null,
        null,
        1,
        null,
        null,
        1,
        null,
        null,
        null,
        1,
        0,
        null,
        null,
        1,
        0,
        0,
        null,
        0,
        0,
        null,
        null,
        null,
        1,
        0,
        0,
        null,
        null,
        1,
        0,
        0,
        0,
        null,
        null,
        1,
        0,
        0,
        null,
        null,
        1,
        0,
        0,
        null,
        0,
        null,
        0,
        null,
        null,
        1,
        0,
        null,
        null,
        1,
        0,
        0,
        null,
        0,
        0,
        0,
        0,
        0,
        null,
        null,
        null,
        null,
        1,
        0,
        0,
        0,
        0,
        null,
        0,
        null,
        0,
        null,
        null,
        null
      ],
      "/home/charles/devel/ap11/webapp/ap11/app/mailers/notifier.rb": [
        1,
        null,
        1,
        null,
        1,
        2,
        null,
        null,
        null,
        2,
        null,
        null,
        1,
        2,
        null,
        null,
        null,
        2,
        null,
        null,
        null,
        1,
        1,
        1,
        null,
        null,
        null,
        1,
        null,
        null,
        1,
        0,
        null,
        null,
        null,
        0,
        null,
        null,
        null
      ],
      "/home/charles/devel/ap11/webapp/ap11/app/models/ability.rb": [
        1,
        1,
        null,
        1,
        null,
        0,
        0,
        null,
        null,
        0,
        0,
        null,
        null,
        0,
        null,
        null,
        0,
        null,
        0,
        0,
        0,
        0,
        null,
        null,
        null,
        null,
        null,
        null,
        null,
        null,
        null,
        null,
        null,
        null,
        null,
        null,
        null,
        null,
        null,
        null,
        null,
        null,
        null,
        null,
        null,
        null,
        null,
        null
      ],
      "/home/charles/devel/ap11/webapp/ap11/app/models/permission.rb": [
        1,
        null,
        1,
        null,
        1,
        1,
        null,
        null
      ]
    },
    "timestamp": 1345012578
  },
  "Cucumber Features": {
    "coverage": {
      "/home/charles/devel/ap11/webapp/ap11/app/models/user.rb": [
        1,
        null,
        1,
        null,
        1,
        null,
        null,
        1,
        null,
        1,
        1,
        1,
        1,
        null,
        1,
        1,
        1,
        null,
        1,
        1,
        null,
        null,
        1,
        null,
        1,
        1,
        1,
        1,
        null,
        null,
        null,
        1,
        339,
        null,
        null,
        null,
        1,
        26,
        null,
        null,
        null,
        1,
        8,
        5,
        5,
        null,
        3,
        2,
        null,
        null,
        null,
        null,
        null,
        null,
        null,
        1,
        6,
        null,
        6,
        4,
        null,
        2,
        2,
        2,
        null,
        null,
        6,
        6,
        null,
        null,
        null,
        1,
        5,
        5,
        5,
        5,
        3,
        null,
        5,
        null,
        null,
        null,
        1,
        367,
        null,
        null,
        1,
        47,
        null,
        null,
        1,
        24,
        null,
        null,
        1,
        6,
        null,
        null,
        1,
        4,
        4,
        null,
        null,
        1,
        1,
        1,
        null,
        null,
        1,
        4,
        4,
        null,
        null,
        4,
        null,
        null,
        1,
        8,
        8,
        null,
        null,
        8,
        null,
        null,
        1,
        0,
        null,
        null,
        1,
        4,
        null,
        null,
        1,
        10,
        null,
        null,
        1,
        179,
        null,
        null,
        1,
        null,
        1,
        206,
        null,
        null,
        null
      ],
      "/home/charles/devel/ap11/webapp/ap11/lib/password_format_validator.rb": [
        1,
        1,
        198,
        5,
        null,
        null,
        null
      ],
      "/home/charles/devel/ap11/webapp/ap11/app/models/role.rb": [
        1,
        null,
        1,
        null,
        1,
        1,
        null,
        1,
        null,
        1,
        1,
        null,
        1,
        0,
        0,
        0,
        null,
        null,
        0,
        null,
        null,
        null
      ],
      "/home/charles/devel/ap11/webapp/ap11/app/controllers/application_controller.rb": [
        1,
        1,
        null,
        1,
        1,
        1,
        null,
        null,
        null,
        null
      ],
      "/home/charles/devel/ap11/webapp/ap11/app/helpers/application_helper.rb": [
        1,
        1,
        446,
        null,
        null,
        null,
        1,
        88,
        null,
        null,
        1,
        0,
        null,
        null,
        null,
        1,
        38,
        38,
        null,
        null,
        1,
        179,
        null,
        null,
        1,
        1,
        126,
        126,
        126,
        126,
        126,
        126,
        126,
        126,
        126,
        126,
        126,
        126,
        null,
        null,
        null,
        null
      ],
      "/home/charles/devel/ap11/webapp/ap11/app/controllers/pages_controller.rb": [
        1,
        1,
        null,
        null
      ],
      "/home/charles/devel/ap11/webapp/ap11/app/controllers/user_passwords_controller.rb": [
        1,
        null,
        null,
        1,
        null,
        11,
        null,
        null,
        11,
        1,
        null,
        10,
        10,
        null,
        null,
        null,
        null
      ],
      "/home/charles/devel/ap11/webapp/ap11/app/controllers/user_registers_controller.rb": [
        1,
        null,
        null,
        1,
        null,
        1,
        null,
        null,
        null,
        null,
        1,
        8,
        null,
        8,
        5,
        5,
        0,
        0,
        0,
        null,
        5,
        5,
        5,
        null,
        null,
        3,
        3,
        null,
        null,
        null,
        null,
        1,
        2,
        null,
        2,
        1,
        1,
        0,
        null,
        1,
        null,
        1,
        1,
        null,
        1,
        1,
        null,
        null,
        null,
        1,
        6,
        null,
        null,
        null,
        1,
        6,
        1,
        1,
        1,
        null,
        5,
        5,
        null,
        null,
        null,
        null
      ],
      "/home/charles/devel/ap11/webapp/ap11/app/controllers/users_controller.rb": [
        1,
        null,
        1,
        1,
        null,
        1,
        15,
        null,
        null,
        1,
        null,
        null,
        1,
        null,
        null,
        null,
        1,
        34,
        null,
        null,
        1,
        2,
        1,
        null,
        1,
        1,
        null,
        null,
        null,
        1,
        1,
        1,
        null,
        null,
        1,
        4,
        4,
        4,
        null,
        null,
        1,
        4,
        4,
        null,
        null,
        1,
        7,
        1,
        null,
        1,
        null,
        7,
        null,
        null,
        1,
        8,
        null,
        null,
        1,
        3,
        1,
        null,
        2,
        2,
        0,
        2,
        2,
        null,
        null,
        null,
        null,
        1,
        5,
        4,
        4,
        4,
        null,
        4,
        null,
        1,
        null,
        null,
        null
      ],
      "/home/charles/devel/ap11/webapp/ap11/app/mailers/notifier.rb": [
        1,
        null,
        1,
        null,
        1,
        4,
        null,
        null,
        null,
        4,
        null,
        null,
        1,
        8,
        null,
        null,
        null,
        8,
        null,
        null,
        null,
        1,
        5,
        5,
        null,
        null,
        null,
        5,
        null,
        null,
        1,
        2,
        null,
        null,
        null,
        2,
        null,
        null,
        null
      ],
      "/home/charles/devel/ap11/webapp/ap11/app/models/ability.rb": [
        1,
        1,
        null,
        1,
        null,
        106,
        106,
        null,
        null,
        106,
        106,
        null,
        null,
        106,
        null,
        null,
        106,
        null,
        106,
        105,
        555,
        555,
        null,
        null,
        null,
        null,
        null,
        null,
        null,
        null,
        null,
        null,
        null,
        null,
        null,
        null,
        null,
        null,
        null,
        null,
        null,
        null,
        null,
        null,
        null,
        null,
        null,
        null
      ],
      "/home/charles/devel/ap11/webapp/ap11/app/models/permission.rb": [
        1,
        null,
        1,
        null,
        1,
        1,
        null,
        null
      ]
    },
    "timestamp": 1344904067
  }
}
